2023-11-02 12:24:42,636 INFO Starting test 'SuccessfulLogin'
2023-11-02 12:24:42,725 DEBUG Using Log4J2 as the default logging framework
2023-11-02 12:24:42,740 DEBUG -Dio.netty.leakDetection.level: simple
2023-11-02 12:24:42,740 DEBUG -Dio.netty.leakDetection.targetRecords: 4
2023-11-02 12:24:42,745 DEBUG Loaded default ResourceLeakDetector: io.netty.util.ResourceLeakDetector@4275c20c
2023-11-02 12:24:42,766 DEBUG -Dio.netty.noUnsafe: false
2023-11-02 12:24:42,766 DEBUG Java version: 17
2023-11-02 12:24:42,767 DEBUG sun.misc.Unsafe.theUnsafe: available
2023-11-02 12:24:42,768 DEBUG sun.misc.Unsafe.copyMemory: available
2023-11-02 12:24:42,768 DEBUG sun.misc.Unsafe.storeFence: available
2023-11-02 12:24:42,769 DEBUG java.nio.Buffer.address: available
2023-11-02 12:24:42,770 DEBUG direct buffer constructor: unavailable
java.lang.UnsupportedOperationException: Reflective setAccessible(true) disabled
	at io.netty.util.internal.ReflectionUtil.trySetAccessible(ReflectionUtil.java:31) ~[netty-common-4.1.91.Final.jar:4.1.91.Final]
	at io.netty.util.internal.PlatformDependent0$5.run(PlatformDependent0.java:288) ~[netty-common-4.1.91.Final.jar:4.1.91.Final]
	at java.base/java.security.AccessController.doPrivileged(AccessController.java:318) ~[?:?]
	at io.netty.util.internal.PlatformDependent0.<clinit>(PlatformDependent0.java:282) ~[netty-common-4.1.91.Final.jar:4.1.91.Final]
	at io.netty.util.internal.PlatformDependent.isAndroid(PlatformDependent.java:333) ~[netty-common-4.1.91.Final.jar:4.1.91.Final]
	at io.netty.util.internal.PlatformDependent.<clinit>(PlatformDependent.java:88) ~[netty-common-4.1.91.Final.jar:4.1.91.Final]
	at io.netty.util.HashedWheelTimer.<init>(HashedWheelTimer.java:114) ~[netty-common-4.1.91.Final.jar:4.1.91.Final]
	at io.netty.util.HashedWheelTimer.<init>(HashedWheelTimer.java:251) ~[netty-common-4.1.91.Final.jar:4.1.91.Final]
	at io.netty.util.HashedWheelTimer.<init>(HashedWheelTimer.java:224) ~[netty-common-4.1.91.Final.jar:4.1.91.Final]
	at io.netty.util.HashedWheelTimer.<init>(HashedWheelTimer.java:203) ~[netty-common-4.1.91.Final.jar:4.1.91.Final]
	at org.asynchttpclient.DefaultAsyncHttpClient.newNettyTimer(DefaultAsyncHttpClient.java:111) ~[async-http-client-2.12.3.jar:?]
	at org.asynchttpclient.DefaultAsyncHttpClient.<init>(DefaultAsyncHttpClient.java:90) ~[async-http-client-2.12.3.jar:?]
	at org.asynchttpclient.Dsl.asyncHttpClient(Dsl.java:32) ~[async-http-client-2.12.3.jar:?]
	at org.openqa.selenium.remote.http.netty.NettyClient.createHttpClient(NettyClient.java:94) ~[selenium-remote-driver-4.9.1.jar:?]
	at org.openqa.selenium.remote.http.netty.NettyClient.<clinit>(NettyClient.java:47) ~[selenium-remote-driver-4.9.1.jar:?]
	at org.openqa.selenium.remote.http.netty.NettyClient$Factory.createClient(NettyClient.java:135) ~[selenium-remote-driver-4.9.1.jar:?]
	at org.openqa.selenium.remote.HttpCommandExecutor.<init>(HttpCommandExecutor.java:116) ~[selenium-remote-driver-4.9.1.jar:?]
	at org.openqa.selenium.remote.HttpCommandExecutor.<init>(HttpCommandExecutor.java:94) ~[selenium-remote-driver-4.9.1.jar:?]
	at org.openqa.selenium.remote.service.DriverCommandExecutor.<init>(DriverCommandExecutor.java:88) ~[selenium-remote-driver-4.9.1.jar:?]
	at org.openqa.selenium.chromium.ChromiumDriverCommandExecutor.<init>(ChromiumDriverCommandExecutor.java:40) ~[selenium-chromium-driver-4.9.1.jar:?]
	at org.openqa.selenium.edge.EdgeDriver$EdgeDriverCommandExecutor.<init>(EdgeDriver.java:83) ~[selenium-edge-driver-4.9.1.jar:?]
	at org.openqa.selenium.edge.EdgeDriver.generateExecutor(EdgeDriver.java:73) ~[selenium-edge-driver-4.9.1.jar:?]
	at org.openqa.selenium.edge.EdgeDriver.<init>(EdgeDriver.java:60) ~[selenium-edge-driver-4.9.1.jar:?]
	at org.openqa.selenium.edge.EdgeDriver.<init>(EdgeDriver.java:56) ~[selenium-edge-driver-4.9.1.jar:?]
	at org.openqa.selenium.edge.EdgeDriver.<init>(EdgeDriver.java:48) ~[selenium-edge-driver-4.9.1.jar:?]
	at utils.WebDriverUtils.setUpDriver(WebDriverUtils.java:84) ~[classes/:?]
	at tests.DemoTestPOM.testSuccessfulLogin(DemoTestPOM.java:32) ~[test-classes/:?]
	at java.base/jdk.internal.reflect.NativeMethodAccessorImpl.invoke0(Native Method) ~[?:?]
	at java.base/jdk.internal.reflect.NativeMethodAccessorImpl.invoke(NativeMethodAccessorImpl.java:77) ~[?:?]
	at java.base/jdk.internal.reflect.DelegatingMethodAccessorImpl.invoke(DelegatingMethodAccessorImpl.java:43) ~[?:?]
	at java.base/java.lang.reflect.Method.invoke(Method.java:568) ~[?:?]
	at org.testng.internal.invokers.MethodInvocationHelper.invokeMethod(MethodInvocationHelper.java:139) ~[testng-7.7.1.jar:7.7.1]
	at org.testng.internal.invokers.TestInvoker.invokeMethod(TestInvoker.java:677) ~[testng-7.7.1.jar:7.7.1]
	at org.testng.internal.invokers.TestInvoker.invokeTestMethod(TestInvoker.java:221) ~[testng-7.7.1.jar:7.7.1]
	at org.testng.internal.invokers.MethodRunner.runInSequence(MethodRunner.java:50) ~[testng-7.7.1.jar:7.7.1]
	at org.testng.internal.invokers.TestInvoker$MethodInvocationAgent.invoke(TestInvoker.java:969) ~[testng-7.7.1.jar:7.7.1]
	at org.testng.internal.invokers.TestInvoker.invokeTestMethods(TestInvoker.java:194) ~[testng-7.7.1.jar:7.7.1]
	at org.testng.internal.invokers.TestMethodWorker.invokeTestMethods(TestMethodWorker.java:148) ~[testng-7.7.1.jar:7.7.1]
	at org.testng.internal.invokers.TestMethodWorker.run(TestMethodWorker.java:128) ~[testng-7.7.1.jar:7.7.1]
	at java.base/java.util.ArrayList.forEach(ArrayList.java:1511) [?:?]
	at org.testng.TestRunner.privateRun(TestRunner.java:829) [testng-7.7.1.jar:7.7.1]
	at org.testng.TestRunner.run(TestRunner.java:602) [testng-7.7.1.jar:7.7.1]
	at org.testng.SuiteRunner.runTest(SuiteRunner.java:437) [testng-7.7.1.jar:7.7.1]
	at org.testng.SuiteRunner.runSequentially(SuiteRunner.java:431) [testng-7.7.1.jar:7.7.1]
	at org.testng.SuiteRunner.privateRun(SuiteRunner.java:391) [testng-7.7.1.jar:7.7.1]
	at org.testng.SuiteRunner.run(SuiteRunner.java:330) [testng-7.7.1.jar:7.7.1]
	at org.testng.SuiteRunnerWorker.runSuite(SuiteRunnerWorker.java:52) [testng-7.7.1.jar:7.7.1]
	at org.testng.SuiteRunnerWorker.run(SuiteRunnerWorker.java:95) [testng-7.7.1.jar:7.7.1]
	at org.testng.TestNG.runSuitesSequentially(TestNG.java:1256) [testng-7.7.1.jar:7.7.1]
	at org.testng.TestNG.runSuitesLocally(TestNG.java:1176) [testng-7.7.1.jar:7.7.1]
	at org.testng.TestNG.runSuites(TestNG.java:1099) [testng-7.7.1.jar:7.7.1]
	at org.testng.TestNG.run(TestNG.java:1067) [testng-7.7.1.jar:7.7.1]
	at com.intellij.rt.testng.IDEARemoteTestNG.run(IDEARemoteTestNG.java:66) [testng-rt.jar:?]
	at com.intellij.rt.testng.RemoteTestNGStarter.main(RemoteTestNGStarter.java:105) [testng-rt.jar:?]
2023-11-02 12:24:42,780 DEBUG java.nio.Bits.unaligned: available, true
2023-11-02 12:24:42,782 DEBUG jdk.internal.misc.Unsafe.allocateUninitializedArray(int): unavailable
java.lang.IllegalAccessException: class io.netty.util.internal.PlatformDependent0$7 cannot access class jdk.internal.misc.Unsafe (in module java.base) because module java.base does not export jdk.internal.misc to unnamed module @dfd3711
	at java.base/jdk.internal.reflect.Reflection.newIllegalAccessException(Reflection.java:392) ~[?:?]
	at java.base/java.lang.reflect.AccessibleObject.checkAccess(AccessibleObject.java:674) ~[?:?]
	at java.base/java.lang.reflect.Method.invoke(Method.java:560) ~[?:?]
	at io.netty.util.internal.PlatformDependent0$7.run(PlatformDependent0.java:410) ~[netty-common-4.1.91.Final.jar:4.1.91.Final]
	at java.base/java.security.AccessController.doPrivileged(AccessController.java:318) ~[?:?]
	at io.netty.util.internal.PlatformDependent0.<clinit>(PlatformDependent0.java:401) ~[netty-common-4.1.91.Final.jar:4.1.91.Final]
	at io.netty.util.internal.PlatformDependent.isAndroid(PlatformDependent.java:333) ~[netty-common-4.1.91.Final.jar:4.1.91.Final]
	at io.netty.util.internal.PlatformDependent.<clinit>(PlatformDependent.java:88) ~[netty-common-4.1.91.Final.jar:4.1.91.Final]
	at io.netty.util.HashedWheelTimer.<init>(HashedWheelTimer.java:114) ~[netty-common-4.1.91.Final.jar:4.1.91.Final]
	at io.netty.util.HashedWheelTimer.<init>(HashedWheelTimer.java:251) ~[netty-common-4.1.91.Final.jar:4.1.91.Final]
	at io.netty.util.HashedWheelTimer.<init>(HashedWheelTimer.java:224) ~[netty-common-4.1.91.Final.jar:4.1.91.Final]
	at io.netty.util.HashedWheelTimer.<init>(HashedWheelTimer.java:203) ~[netty-common-4.1.91.Final.jar:4.1.91.Final]
	at org.asynchttpclient.DefaultAsyncHttpClient.newNettyTimer(DefaultAsyncHttpClient.java:111) ~[async-http-client-2.12.3.jar:?]
	at org.asynchttpclient.DefaultAsyncHttpClient.<init>(DefaultAsyncHttpClient.java:90) ~[async-http-client-2.12.3.jar:?]
	at org.asynchttpclient.Dsl.asyncHttpClient(Dsl.java:32) ~[async-http-client-2.12.3.jar:?]
	at org.openqa.selenium.remote.http.netty.NettyClient.createHttpClient(NettyClient.java:94) ~[selenium-remote-driver-4.9.1.jar:?]
	at org.openqa.selenium.remote.http.netty.NettyClient.<clinit>(NettyClient.java:47) ~[selenium-remote-driver-4.9.1.jar:?]
	at org.openqa.selenium.remote.http.netty.NettyClient$Factory.createClient(NettyClient.java:135) ~[selenium-remote-driver-4.9.1.jar:?]
	at org.openqa.selenium.remote.HttpCommandExecutor.<init>(HttpCommandExecutor.java:116) ~[selenium-remote-driver-4.9.1.jar:?]
	at org.openqa.selenium.remote.HttpCommandExecutor.<init>(HttpCommandExecutor.java:94) ~[selenium-remote-driver-4.9.1.jar:?]
	at org.openqa.selenium.remote.service.DriverCommandExecutor.<init>(DriverCommandExecutor.java:88) ~[selenium-remote-driver-4.9.1.jar:?]
	at org.openqa.selenium.chromium.ChromiumDriverCommandExecutor.<init>(ChromiumDriverCommandExecutor.java:40) ~[selenium-chromium-driver-4.9.1.jar:?]
	at org.openqa.selenium.edge.EdgeDriver$EdgeDriverCommandExecutor.<init>(EdgeDriver.java:83) ~[selenium-edge-driver-4.9.1.jar:?]
	at org.openqa.selenium.edge.EdgeDriver.generateExecutor(EdgeDriver.java:73) ~[selenium-edge-driver-4.9.1.jar:?]
	at org.openqa.selenium.edge.EdgeDriver.<init>(EdgeDriver.java:60) ~[selenium-edge-driver-4.9.1.jar:?]
	at org.openqa.selenium.edge.EdgeDriver.<init>(EdgeDriver.java:56) ~[selenium-edge-driver-4.9.1.jar:?]
	at org.openqa.selenium.edge.EdgeDriver.<init>(EdgeDriver.java:48) ~[selenium-edge-driver-4.9.1.jar:?]
	at utils.WebDriverUtils.setUpDriver(WebDriverUtils.java:84) ~[classes/:?]
	at tests.DemoTestPOM.testSuccessfulLogin(DemoTestPOM.java:32) ~[test-classes/:?]
	at java.base/jdk.internal.reflect.NativeMethodAccessorImpl.invoke0(Native Method) ~[?:?]
	at java.base/jdk.internal.reflect.NativeMethodAccessorImpl.invoke(NativeMethodAccessorImpl.java:77) ~[?:?]
	at java.base/jdk.internal.reflect.DelegatingMethodAccessorImpl.invoke(DelegatingMethodAccessorImpl.java:43) ~[?:?]
	at java.base/java.lang.reflect.Method.invoke(Method.java:568) ~[?:?]
	at org.testng.internal.invokers.MethodInvocationHelper.invokeMethod(MethodInvocationHelper.java:139) ~[testng-7.7.1.jar:7.7.1]
	at org.testng.internal.invokers.TestInvoker.invokeMethod(TestInvoker.java:677) ~[testng-7.7.1.jar:7.7.1]
	at org.testng.internal.invokers.TestInvoker.invokeTestMethod(TestInvoker.java:221) ~[testng-7.7.1.jar:7.7.1]
	at org.testng.internal.invokers.MethodRunner.runInSequence(MethodRunner.java:50) ~[testng-7.7.1.jar:7.7.1]
	at org.testng.internal.invokers.TestInvoker$MethodInvocationAgent.invoke(TestInvoker.java:969) ~[testng-7.7.1.jar:7.7.1]
	at org.testng.internal.invokers.TestInvoker.invokeTestMethods(TestInvoker.java:194) ~[testng-7.7.1.jar:7.7.1]
	at org.testng.internal.invokers.TestMethodWorker.invokeTestMethods(TestMethodWorker.java:148) ~[testng-7.7.1.jar:7.7.1]
	at org.testng.internal.invokers.TestMethodWorker.run(TestMethodWorker.java:128) ~[testng-7.7.1.jar:7.7.1]
	at java.base/java.util.ArrayList.forEach(ArrayList.java:1511) [?:?]
	at org.testng.TestRunner.privateRun(TestRunner.java:829) [testng-7.7.1.jar:7.7.1]
	at org.testng.TestRunner.run(TestRunner.java:602) [testng-7.7.1.jar:7.7.1]
	at org.testng.SuiteRunner.runTest(SuiteRunner.java:437) [testng-7.7.1.jar:7.7.1]
	at org.testng.SuiteRunner.runSequentially(SuiteRunner.java:431) [testng-7.7.1.jar:7.7.1]
	at org.testng.SuiteRunner.privateRun(SuiteRunner.java:391) [testng-7.7.1.jar:7.7.1]
	at org.testng.SuiteRunner.run(SuiteRunner.java:330) [testng-7.7.1.jar:7.7.1]
	at org.testng.SuiteRunnerWorker.runSuite(SuiteRunnerWorker.java:52) [testng-7.7.1.jar:7.7.1]
	at org.testng.SuiteRunnerWorker.run(SuiteRunnerWorker.java:95) [testng-7.7.1.jar:7.7.1]
	at org.testng.TestNG.runSuitesSequentially(TestNG.java:1256) [testng-7.7.1.jar:7.7.1]
	at org.testng.TestNG.runSuitesLocally(TestNG.java:1176) [testng-7.7.1.jar:7.7.1]
	at org.testng.TestNG.runSuites(TestNG.java:1099) [testng-7.7.1.jar:7.7.1]
	at org.testng.TestNG.run(TestNG.java:1067) [testng-7.7.1.jar:7.7.1]
	at com.intellij.rt.testng.IDEARemoteTestNG.run(IDEARemoteTestNG.java:66) [testng-rt.jar:?]
	at com.intellij.rt.testng.RemoteTestNGStarter.main(RemoteTestNGStarter.java:105) [testng-rt.jar:?]
2023-11-02 12:24:42,784 DEBUG java.nio.DirectByteBuffer.<init>(long, int): unavailable
2023-11-02 12:24:42,784 DEBUG sun.misc.Unsafe: available
2023-11-02 12:24:42,784 DEBUG maxDirectMemory: 2099249152 bytes (maybe)
2023-11-02 12:24:42,785 DEBUG -Dio.netty.tmpdir: C:\Users\BOB\AppData\Local\Temp (java.io.tmpdir)
2023-11-02 12:24:42,785 DEBUG -Dio.netty.bitMode: 64 (sun.arch.data.model)
2023-11-02 12:24:42,785 DEBUG Platform: Windows
2023-11-02 12:24:42,786 DEBUG -Dio.netty.maxDirectMemory: -1 bytes
2023-11-02 12:24:42,786 DEBUG -Dio.netty.uninitializedArrayAllocationThreshold: -1
2023-11-02 12:24:42,787 DEBUG java.nio.ByteBuffer.cleaner(): available
2023-11-02 12:24:42,787 DEBUG -Dio.netty.noPreferDirect: false
2023-11-02 12:24:42,799 DEBUG org.jctools-core.MpscChunkedArrayQueue: available
2023-11-02 12:24:42,816 DEBUG -Dio.netty.threadLocalMap.stringBuilder.initialSize: 1024
2023-11-02 12:24:42,816 DEBUG -Dio.netty.threadLocalMap.stringBuilder.maxSize: 4096
2023-11-02 12:24:43,025 DEBUG Default protocols (JDK): [TLSv1.3, TLSv1.2] 
2023-11-02 12:24:43,025 DEBUG Default cipher suites (JDK): [TLS_ECDHE_ECDSA_WITH_AES_256_GCM_SHA384, TLS_ECDHE_ECDSA_WITH_AES_128_GCM_SHA256, TLS_ECDHE_RSA_WITH_AES_128_GCM_SHA256, TLS_ECDHE_RSA_WITH_AES_256_GCM_SHA384, TLS_ECDHE_RSA_WITH_AES_128_CBC_SHA, TLS_ECDHE_RSA_WITH_AES_256_CBC_SHA, TLS_RSA_WITH_AES_128_GCM_SHA256, TLS_RSA_WITH_AES_128_CBC_SHA, TLS_RSA_WITH_AES_256_CBC_SHA, TLS_AES_128_GCM_SHA256, TLS_AES_256_GCM_SHA384]
2023-11-02 12:24:43,038 DEBUG -Dio.netty.globalEventExecutor.quietPeriodSeconds: 1
2023-11-02 12:24:43,049 DEBUG -Dio.netty.eventLoopThreads: 16
2023-11-02 12:24:43,056 DEBUG -Dio.netty.noKeySetOptimization: false
2023-11-02 12:24:43,056 DEBUG -Dio.netty.selectorAutoRebuildThreshold: 512
2023-11-02 12:24:43,103 DEBUG -Dio.netty.allocator.numHeapArenas: 16
2023-11-02 12:24:43,103 DEBUG -Dio.netty.allocator.numDirectArenas: 16
2023-11-02 12:24:43,103 DEBUG -Dio.netty.allocator.pageSize: 8192
2023-11-02 12:24:43,103 DEBUG -Dio.netty.allocator.maxOrder: 9
2023-11-02 12:24:43,103 DEBUG -Dio.netty.allocator.chunkSize: 4194304
2023-11-02 12:24:43,103 DEBUG -Dio.netty.allocator.smallCacheSize: 256
2023-11-02 12:24:43,103 DEBUG -Dio.netty.allocator.normalCacheSize: 64
2023-11-02 12:24:43,103 DEBUG -Dio.netty.allocator.maxCachedBufferCapacity: 32768
2023-11-02 12:24:43,103 DEBUG -Dio.netty.allocator.cacheTrimInterval: 8192
2023-11-02 12:24:43,103 DEBUG -Dio.netty.allocator.cacheTrimIntervalMillis: 0
2023-11-02 12:24:43,103 DEBUG -Dio.netty.allocator.useCacheForAllThreads: false
2023-11-02 12:24:43,103 DEBUG -Dio.netty.allocator.maxCachedByteBuffersPerChunk: 1023
2023-11-02 12:24:43,111 DEBUG -Dio.netty.allocator.type: pooled
2023-11-02 12:24:43,111 DEBUG -Dio.netty.threadLocalDirectBufferSize: 0
2023-11-02 12:24:43,112 DEBUG -Dio.netty.maxThreadLocalCharBufferSize: 16384
2023-11-02 12:24:43,397 DEBUG -Dio.netty.processId: 12972 (auto-detected)
2023-11-02 12:24:43,399 DEBUG -Djava.net.preferIPv4Stack: false
2023-11-02 12:24:43,399 DEBUG -Djava.net.preferIPv6Addresses: false
2023-11-02 12:24:43,405 DEBUG Loopback interface: lo (Software Loopback Interface 1, 127.0.0.1)
2023-11-02 12:24:43,407 DEBUG Failed to get SOMAXCONN from sysctl and file \proc\sys\net\core\somaxconn. Default: 200
2023-11-02 12:24:43,422 DEBUG -Dio.netty.machineId: 74:d8:3e:ff:fe:e7:32:81 (auto-detected)
2023-11-02 12:24:43,462 DEBUG -Dio.netty.buffer.checkAccessible: true
2023-11-02 12:24:43,463 DEBUG -Dio.netty.buffer.checkBounds: true
2023-11-02 12:24:43,463 DEBUG Loaded default ResourceLeakDetector: io.netty.util.ResourceLeakDetector@6be718ba
2023-11-02 12:24:43,484 DEBUG -Dio.netty.recycler.maxCapacityPerThread: 4096
2023-11-02 12:24:43,484 DEBUG -Dio.netty.recycler.ratio: 8
2023-11-02 12:24:43,484 DEBUG -Dio.netty.recycler.chunkSize: 32
2023-11-02 12:24:43,484 DEBUG -Dio.netty.recycler.blocking: false
2023-11-02 12:24:43,484 DEBUG -Dio.netty.recycler.batchFastThreadLocalOnly: true
2023-11-02 12:24:44,371 DEBUG brotli4j not in the classpath; Brotli support will be unavailable.
2023-11-02 12:24:44,527 DEBUG -Dio.netty.initialSeedUniquifier: 0x321c8f748a0d2273
2023-11-02 12:24:49,140 INFO End test 'Successful login'
